2020-09-09 14:49:02.855  INFO 9576 --- [restartedMain] com.bezkoder.BezkoderApplication         : Starting BezkoderApplication on DESKTOP-F772F6C with PID 9576 (F:\project\bezkoder\spring-boot-angular\be\bezkoder\target\classes started by Jackie in F:\project\bezkoder\spring-boot-angular\be\bezkoder)
2020-09-09 14:49:02.863  INFO 9576 --- [restartedMain] com.bezkoder.BezkoderApplication         : The following profiles are active: mysql
2020-09-09 14:49:02.952  INFO 9576 --- [restartedMain] .e.DevToolsPropertyDefaultsPostProcessor : Devtools property defaults active! Set 'spring.devtools.add-properties' to 'false' to disable
2020-09-09 14:49:02.952  INFO 9576 --- [restartedMain] .e.DevToolsPropertyDefaultsPostProcessor : For additional web related logging consider setting the 'logging.level.web' property to 'DEBUG'
2020-09-09 14:49:04.157  INFO 9576 --- [restartedMain] .s.d.r.c.RepositoryConfigurationDelegate : Bootstrapping Spring Data JPA repositories in DEFERRED mode.
2020-09-09 14:49:04.235  INFO 9576 --- [restartedMain] .s.d.r.c.RepositoryConfigurationDelegate : Finished Spring Data repository scanning in 69ms. Found 3 JPA repository interfaces.
2020-09-09 14:49:04.518  INFO 9576 --- [restartedMain] trationDelegate$BeanPostProcessorChecker : Bean 'org.springframework.security.access.expression.method.DefaultMethodSecurityExpressionHandler@776ee1d8' of type [org.springframework.security.access.expression.method.DefaultMethodSecurityExpressionHandler] is not eligible for getting processed by all BeanPostProcessors (for example: not eligible for auto-proxying)
2020-09-09 14:49:04.523  INFO 9576 --- [restartedMain] trationDelegate$BeanPostProcessorChecker : Bean 'methodSecurityMetadataSource' of type [org.springframework.security.access.method.DelegatingMethodSecurityMetadataSource] is not eligible for getting processed by all BeanPostProcessors (for example: not eligible for auto-proxying)
2020-09-09 14:49:04.805  INFO 9576 --- [restartedMain] o.s.b.w.embedded.tomcat.TomcatWebServer  : Tomcat initialized with port(s): 8081 (http)
2020-09-09 14:49:04.813  INFO 9576 --- [restartedMain] o.apache.catalina.core.StandardService   : Starting service [Tomcat]
2020-09-09 14:49:04.813  INFO 9576 --- [restartedMain] org.apache.catalina.core.StandardEngine  : Starting Servlet engine: [Apache Tomcat/9.0.37]
2020-09-09 14:49:04.902  INFO 9576 --- [restartedMain] o.a.c.c.C.[Tomcat].[localhost].[/]       : Initializing Spring embedded WebApplicationContext
2020-09-09 14:49:04.902  INFO 9576 --- [restartedMain] w.s.c.ServletWebServerApplicationContext : Root WebApplicationContext: initialization completed in 1949 ms
2020-09-09 14:49:05.108  INFO 9576 --- [restartedMain] o.f.c.internal.license.VersionPrinter    : Flyway Community Edition 6.4.4 by Redgate
2020-09-09 14:49:05.114  INFO 9576 --- [restartedMain] com.zaxxer.hikari.HikariDataSource       : HikariPool-1 - Starting...
2020-09-09 14:49:05.117  WARN 9576 --- [restartedMain] com.zaxxer.hikari.util.DriverDataSource  : Registered driver with driverClassName=com.mysql.jdbc.Driver was not found, trying direct instantiation.
2020-09-09 14:49:05.312  INFO 9576 --- [restartedMain] com.zaxxer.hikari.HikariDataSource       : HikariPool-1 - Start completed.
2020-09-09 14:49:05.338  INFO 9576 --- [restartedMain] o.f.c.internal.database.DatabaseFactory  : Database: jdbc:mysql://localhost:3306/bezkoder (MySQL 8.0)
2020-09-09 14:49:05.493  INFO 9576 --- [restartedMain] o.f.core.internal.command.DbValidate     : Successfully validated 2 migrations (execution time 00:00.056s)
2020-09-09 14:49:05.504  INFO 9576 --- [restartedMain] o.f.core.internal.command.DbMigrate      : Current version of schema `bezkoder`: 2
2020-09-09 14:49:05.504  WARN 9576 --- [restartedMain] o.f.core.internal.command.DbMigrate      : Schema `bezkoder` has a version (2) that is newer than the latest available migration (1) !
2020-09-09 14:49:05.505  INFO 9576 --- [restartedMain] o.f.core.internal.command.DbMigrate      : Schema `bezkoder` is up to date. No migration necessary.
2020-09-09 14:49:05.544  INFO 9576 --- [restartedMain] o.s.s.concurrent.ThreadPoolTaskExecutor  : Initializing ExecutorService 'applicationTaskExecutor'
2020-09-09 14:49:05.586  INFO 9576 --- [task-1] o.hibernate.jpa.internal.util.LogHelper  : HHH000204: Processing PersistenceUnitInfo [name: default]
2020-09-09 14:49:05.619  INFO 9576 --- [restartedMain] o.s.b.a.h2.H2ConsoleAutoConfiguration    : H2 console available at '/h2-console'. Database available at 'jdbc:mysql://localhost:3306/bezkoder?allowPublicKeyRetrieval=true&useSSL=false'
2020-09-09 14:49:05.638  INFO 9576 --- [task-1] org.hibernate.Version                    : HHH000412: Hibernate ORM core version 5.4.20.Final
2020-09-09 14:49:05.713  WARN 9576 --- [restartedMain] JpaBaseConfiguration$JpaWebConfiguration : spring.jpa.open-in-view is enabled by default. Therefore, database queries may be performed during view rendering. Explicitly configure spring.jpa.open-in-view to disable this warning
2020-09-09 14:49:05.781  INFO 9576 --- [task-1] o.hibernate.annotations.common.Version   : HCANN000001: Hibernate Commons Annotations {5.1.0.Final}
2020-09-09 14:49:05.875  INFO 9576 --- [task-1] org.hibernate.dialect.Dialect            : HHH000400: Using dialect: org.hibernate.dialect.MySQL5Dialect
2020-09-09 14:49:06.220  INFO 9576 --- [restartedMain] o.s.b.a.e.web.EndpointLinksResolver      : Exposing 2 endpoint(s) beneath base path '/actuator'
2020-09-09 14:49:06.249  INFO 9576 --- [restartedMain] o.s.s.web.DefaultSecurityFilterChain     : Creating filter chain: any request, [org.springframework.security.web.context.request.async.WebAsyncManagerIntegrationFilter@64ffd937, org.springframework.security.web.context.SecurityContextPersistenceFilter@4c4f23e6, org.springframework.security.web.header.HeaderWriterFilter@2785f504, org.springframework.web.filter.CorsFilter@31317fba, org.springframework.security.web.authentication.logout.LogoutFilter@10f9f04d, com.bezkoder.configure.jwt.AuthTokenFilter@5fe59714, org.springframework.security.web.savedrequest.RequestCacheAwareFilter@167d2411, org.springframework.security.web.servletapi.SecurityContextHolderAwareRequestFilter@46f79da2, org.springframework.security.web.authentication.AnonymousAuthenticationFilter@4c5a9bd5, org.springframework.security.web.session.SessionManagementFilter@fed0023, org.springframework.security.web.access.ExceptionTranslationFilter@11f017e3, org.springframework.security.web.access.intercept.FilterSecurityInterceptor@51733004]
2020-09-09 14:49:06.559  INFO 9576 --- [task-1] o.h.e.t.j.p.i.JtaPlatformInitiator       : HHH000490: Using JtaPlatform implementation: [org.hibernate.engine.transaction.jta.platform.internal.NoJtaPlatform]
2020-09-09 14:49:06.564  INFO 9576 --- [task-1] j.LocalContainerEntityManagerFactoryBean : Initialized JPA EntityManagerFactory for persistence unit 'default'
2020-09-09 14:49:06.581  INFO 9576 --- [task-2] o.s.b.d.a.OptionalLiveReloadServer       : LiveReload server is running on port 35729
2020-09-09 14:49:06.700  INFO 9576 --- [restartedMain] o.s.b.w.embedded.tomcat.TomcatWebServer  : Tomcat started on port(s): 8081 (http) with context path ''
2020-09-09 14:49:06.701  INFO 9576 --- [restartedMain] DeferredRepositoryInitializationListener : Triggering deferred initialization of Spring Data repositories…
2020-09-09 14:49:06.972  INFO 9576 --- [restartedMain] DeferredRepositoryInitializationListener : Spring Data repositories initialized!
2020-09-09 14:49:06.983  INFO 9576 --- [restartedMain] s.a.ScheduledAnnotationBeanPostProcessor : No TaskScheduler/ScheduledExecutorService bean found for scheduled processing
2020-09-09 14:49:06.992  INFO 9576 --- [restartedMain] com.bezkoder.BezkoderApplication         : Started BezkoderApplication in 4.766 seconds (JVM running for 6.244)
2020-09-09 14:49:07.355  INFO 9576 --- [RMI TCP Connection(3)-192.168.99.1] o.a.c.c.C.[Tomcat].[localhost].[/]       : Initializing Spring DispatcherServlet 'dispatcherServlet'
2020-09-09 14:49:07.355  INFO 9576 --- [RMI TCP Connection(3)-192.168.99.1] o.s.web.servlet.DispatcherServlet        : Initializing Servlet 'dispatcherServlet'
2020-09-09 14:49:07.368  INFO 9576 --- [RMI TCP Connection(3)-192.168.99.1] o.s.web.servlet.DispatcherServlet        : Completed initialization in 12 ms
2020-09-09 15:28:07.876  INFO 9576 --- [SpringContextShutdownHook] j.LocalContainerEntityManagerFactoryBean : Closing JPA EntityManagerFactory for persistence unit 'default'
2020-09-09 15:28:07.881  INFO 9576 --- [SpringContextShutdownHook] o.s.s.concurrent.ThreadPoolTaskExecutor  : Shutting down ExecutorService 'applicationTaskExecutor'
2020-09-09 15:28:07.883  INFO 9576 --- [SpringContextShutdownHook] com.zaxxer.hikari.HikariDataSource       : HikariPool-1 - Shutdown initiated...
2020-09-09 15:28:07.889  INFO 9576 --- [SpringContextShutdownHook] com.zaxxer.hikari.HikariDataSource       : HikariPool-1 - Shutdown completed.
